#! /usr/bin/vvp
:ivl_version "11.0 (stable)";
:ivl_delay_selection "TYPICAL";
:vpi_time_precision - 12;
:vpi_module "/usr/lib/x86_64-linux-gnu/ivl/system.vpi";
:vpi_module "/usr/lib/x86_64-linux-gnu/ivl/vhdl_sys.vpi";
:vpi_module "/usr/lib/x86_64-linux-gnu/ivl/vhdl_textio.vpi";
:vpi_module "/usr/lib/x86_64-linux-gnu/ivl/v2005_math.vpi";
:vpi_module "/usr/lib/x86_64-linux-gnu/ivl/va_math.vpi";
S_0x556420322300 .scope module, "four_bit_adder_tb" "four_bit_adder_tb" 2 3;
 .timescale -9 -12;
v0x5564203457e0_0 .var "a", 3 0;
v0x5564203458c0_0 .var "b", 3 0;
v0x556420345960_0 .var "cin", 0 0;
v0x556420345a80_0 .net "cout", 0 0, L_0x556420347a40;  1 drivers
v0x556420345b70_0 .net "sum", 3 0, L_0x556420347e00;  1 drivers
S_0x556420322490 .scope module, "dut" "four_bit_adder" 2 12, 3 3 0, S_0x556420322300;
 .timescale -9 -12;
    .port_info 0 /INPUT 4 "a";
    .port_info 1 /INPUT 4 "b";
    .port_info 2 /INPUT 1 "cin";
    .port_info 3 /OUTPUT 4 "sum";
    .port_info 4 /OUTPUT 1 "cout";
v0x5564203450d0_0 .net "a", 3 0, v0x5564203457e0_0;  1 drivers
v0x5564203451d0_0 .net "b", 3 0, v0x5564203458c0_0;  1 drivers
v0x5564203452b0_0 .net "c1", 0 0, L_0x5564203461a0;  1 drivers
v0x556420345350_0 .net "c2", 0 0, L_0x5564203469f0;  1 drivers
v0x556420345440_0 .net "c3", 0 0, L_0x5564203471d0;  1 drivers
v0x556420345580_0 .net "cin", 0 0, v0x556420345960_0;  1 drivers
v0x556420345620_0 .net "cout", 0 0, L_0x556420347a40;  alias, 1 drivers
v0x5564203456c0_0 .net "sum", 3 0, L_0x556420347e00;  alias, 1 drivers
L_0x5564203462b0 .part v0x5564203457e0_0, 0, 1;
L_0x5564203463e0 .part v0x5564203458c0_0, 0, 1;
L_0x556420346b00 .part v0x5564203457e0_0, 1, 1;
L_0x556420346c30 .part v0x5564203458c0_0, 1, 1;
L_0x5564203472e0 .part v0x5564203457e0_0, 2, 1;
L_0x5564203474a0 .part v0x5564203458c0_0, 2, 1;
L_0x556420347b50 .part v0x5564203457e0_0, 3, 1;
L_0x556420347c80 .part v0x5564203458c0_0, 3, 1;
L_0x556420347e00 .concat8 [ 1 1 1 1], L_0x556420345d00, L_0x556420346580, L_0x556420346e00, L_0x556420347710;
S_0x556420320900 .scope module, "fa0" "full_adder" 3 14, 4 3 0, S_0x556420322490;
 .timescale -9 -12;
    .port_info 0 /INPUT 1 "a";
    .port_info 1 /INPUT 1 "b";
    .port_info 2 /INPUT 1 "cin";
    .port_info 3 /OUTPUT 1 "sum";
    .port_info 4 /OUTPUT 1 "cout";
L_0x556420345c60 .functor XOR 1, L_0x5564203462b0, L_0x5564203463e0, C4<0>, C4<0>;
L_0x556420345d00 .functor XOR 1, L_0x556420345c60, v0x556420345960_0, C4<0>, C4<0>;
L_0x556420345df0 .functor AND 1, L_0x5564203462b0, L_0x5564203463e0, C4<1>, C4<1>;
L_0x556420345f00 .functor AND 1, L_0x5564203463e0, v0x556420345960_0, C4<1>, C4<1>;
L_0x556420346030 .functor OR 1, L_0x556420345df0, L_0x556420345f00, C4<0>, C4<0>;
L_0x5564203460f0 .functor AND 1, L_0x5564203462b0, v0x556420345960_0, C4<1>, C4<1>;
L_0x5564203461a0 .functor OR 1, L_0x556420346030, L_0x5564203460f0, C4<0>, C4<0>;
v0x556420318210_0 .net *"_ivl_0", 0 0, L_0x556420345c60;  1 drivers
v0x5564203159e0_0 .net *"_ivl_10", 0 0, L_0x5564203460f0;  1 drivers
v0x5564203131b0_0 .net *"_ivl_4", 0 0, L_0x556420345df0;  1 drivers
v0x556420310950_0 .net *"_ivl_6", 0 0, L_0x556420345f00;  1 drivers
v0x556420342a30_0 .net *"_ivl_8", 0 0, L_0x556420346030;  1 drivers
v0x556420342b60_0 .net "a", 0 0, L_0x5564203462b0;  1 drivers
v0x556420342c20_0 .net "b", 0 0, L_0x5564203463e0;  1 drivers
v0x556420342ce0_0 .net "cin", 0 0, v0x556420345960_0;  alias, 1 drivers
v0x556420342da0_0 .net "cout", 0 0, L_0x5564203461a0;  alias, 1 drivers
v0x556420342e60_0 .net "sum", 0 0, L_0x556420345d00;  1 drivers
S_0x556420342fc0 .scope module, "fa1" "full_adder" 3 15, 4 3 0, S_0x556420322490;
 .timescale -9 -12;
    .port_info 0 /INPUT 1 "a";
    .port_info 1 /INPUT 1 "b";
    .port_info 2 /INPUT 1 "cin";
    .port_info 3 /OUTPUT 1 "sum";
    .port_info 4 /OUTPUT 1 "cout";
L_0x556420346510 .functor XOR 1, L_0x556420346b00, L_0x556420346c30, C4<0>, C4<0>;
L_0x556420346580 .functor XOR 1, L_0x556420346510, L_0x5564203461a0, C4<0>, C4<0>;
L_0x5564203466d0 .functor AND 1, L_0x556420346b00, L_0x556420346c30, C4<1>, C4<1>;
L_0x556420346790 .functor AND 1, L_0x556420346c30, L_0x5564203461a0, C4<1>, C4<1>;
L_0x556420346830 .functor OR 1, L_0x5564203466d0, L_0x556420346790, C4<0>, C4<0>;
L_0x556420346940 .functor AND 1, L_0x556420346b00, L_0x5564203461a0, C4<1>, C4<1>;
L_0x5564203469f0 .functor OR 1, L_0x556420346830, L_0x556420346940, C4<0>, C4<0>;
v0x556420343170_0 .net *"_ivl_0", 0 0, L_0x556420346510;  1 drivers
v0x556420343250_0 .net *"_ivl_10", 0 0, L_0x556420346940;  1 drivers
v0x556420343330_0 .net *"_ivl_4", 0 0, L_0x5564203466d0;  1 drivers
v0x5564203433f0_0 .net *"_ivl_6", 0 0, L_0x556420346790;  1 drivers
v0x5564203434d0_0 .net *"_ivl_8", 0 0, L_0x556420346830;  1 drivers
v0x556420343600_0 .net "a", 0 0, L_0x556420346b00;  1 drivers
v0x5564203436c0_0 .net "b", 0 0, L_0x556420346c30;  1 drivers
v0x556420343780_0 .net "cin", 0 0, L_0x5564203461a0;  alias, 1 drivers
v0x556420343820_0 .net "cout", 0 0, L_0x5564203469f0;  alias, 1 drivers
v0x5564203438c0_0 .net "sum", 0 0, L_0x556420346580;  1 drivers
S_0x556420343a20 .scope module, "fa2" "full_adder" 3 16, 4 3 0, S_0x556420322490;
 .timescale -9 -12;
    .port_info 0 /INPUT 1 "a";
    .port_info 1 /INPUT 1 "b";
    .port_info 2 /INPUT 1 "cin";
    .port_info 3 /OUTPUT 1 "sum";
    .port_info 4 /OUTPUT 1 "cout";
L_0x556420346d90 .functor XOR 1, L_0x5564203472e0, L_0x5564203474a0, C4<0>, C4<0>;
L_0x556420346e00 .functor XOR 1, L_0x556420346d90, L_0x5564203469f0, C4<0>, C4<0>;
L_0x556420346f00 .functor AND 1, L_0x5564203472e0, L_0x5564203474a0, C4<1>, C4<1>;
L_0x556420346f70 .functor AND 1, L_0x5564203474a0, L_0x5564203469f0, C4<1>, C4<1>;
L_0x556420347010 .functor OR 1, L_0x556420346f00, L_0x556420346f70, C4<0>, C4<0>;
L_0x556420347120 .functor AND 1, L_0x5564203472e0, L_0x5564203469f0, C4<1>, C4<1>;
L_0x5564203471d0 .functor OR 1, L_0x556420347010, L_0x556420347120, C4<0>, C4<0>;
v0x556420343be0_0 .net *"_ivl_0", 0 0, L_0x556420346d90;  1 drivers
v0x556420343cc0_0 .net *"_ivl_10", 0 0, L_0x556420347120;  1 drivers
v0x556420343da0_0 .net *"_ivl_4", 0 0, L_0x556420346f00;  1 drivers
v0x556420343e90_0 .net *"_ivl_6", 0 0, L_0x556420346f70;  1 drivers
v0x556420343f70_0 .net *"_ivl_8", 0 0, L_0x556420347010;  1 drivers
v0x5564203440a0_0 .net "a", 0 0, L_0x5564203472e0;  1 drivers
v0x556420344160_0 .net "b", 0 0, L_0x5564203474a0;  1 drivers
v0x556420344220_0 .net "cin", 0 0, L_0x5564203469f0;  alias, 1 drivers
v0x5564203442c0_0 .net "cout", 0 0, L_0x5564203471d0;  alias, 1 drivers
v0x5564203443f0_0 .net "sum", 0 0, L_0x556420346e00;  1 drivers
S_0x556420344580 .scope module, "fa3" "full_adder" 3 17, 4 3 0, S_0x556420322490;
 .timescale -9 -12;
    .port_info 0 /INPUT 1 "a";
    .port_info 1 /INPUT 1 "b";
    .port_info 2 /INPUT 1 "cin";
    .port_info 3 /OUTPUT 1 "sum";
    .port_info 4 /OUTPUT 1 "cout";
L_0x5564203476a0 .functor XOR 1, L_0x556420347b50, L_0x556420347c80, C4<0>, C4<0>;
L_0x556420347710 .functor XOR 1, L_0x5564203476a0, L_0x5564203471d0, C4<0>, C4<0>;
L_0x556420347810 .functor AND 1, L_0x556420347b50, L_0x556420347c80, C4<1>, C4<1>;
L_0x556420347880 .functor AND 1, L_0x556420347c80, L_0x5564203471d0, C4<1>, C4<1>;
L_0x556420347920 .functor OR 1, L_0x556420347810, L_0x556420347880, C4<0>, C4<0>;
L_0x556420347990 .functor AND 1, L_0x556420347b50, L_0x5564203471d0, C4<1>, C4<1>;
L_0x556420347a40 .functor OR 1, L_0x556420347920, L_0x556420347990, C4<0>, C4<0>;
v0x556420344710_0 .net *"_ivl_0", 0 0, L_0x5564203476a0;  1 drivers
v0x556420344810_0 .net *"_ivl_10", 0 0, L_0x556420347990;  1 drivers
v0x5564203448f0_0 .net *"_ivl_4", 0 0, L_0x556420347810;  1 drivers
v0x5564203449e0_0 .net *"_ivl_6", 0 0, L_0x556420347880;  1 drivers
v0x556420344ac0_0 .net *"_ivl_8", 0 0, L_0x556420347920;  1 drivers
v0x556420344bf0_0 .net "a", 0 0, L_0x556420347b50;  1 drivers
v0x556420344cb0_0 .net "b", 0 0, L_0x556420347c80;  1 drivers
v0x556420344d70_0 .net "cin", 0 0, L_0x5564203471d0;  alias, 1 drivers
v0x556420344e10_0 .net "cout", 0 0, L_0x556420347a40;  alias, 1 drivers
v0x556420344f40_0 .net "sum", 0 0, L_0x556420347710;  1 drivers
    .scope S_0x556420322300;
T_0 ;
    %vpi_call 2 22 "$dumpfile", "waves/dump.vcd" {0 0 0};
    %vpi_call 2 23 "$dumpvars", 32'sb00000000000000000000000000000000, S_0x556420322300 {0 0 0};
    %pushi/vec4 0, 0, 4;
    %store/vec4 v0x5564203457e0_0, 0, 4;
    %pushi/vec4 0, 0, 4;
    %store/vec4 v0x5564203458c0_0, 0, 4;
    %pushi/vec4 0, 0, 1;
    %store/vec4 v0x556420345960_0, 0, 1;
    %delay 10000, 0;
    %pushi/vec4 3, 0, 4;
    %store/vec4 v0x5564203457e0_0, 0, 4;
    %pushi/vec4 5, 0, 4;
    %store/vec4 v0x5564203458c0_0, 0, 4;
    %pushi/vec4 0, 0, 1;
    %store/vec4 v0x556420345960_0, 0, 1;
    %delay 10000, 0;
    %pushi/vec4 15, 0, 4;
    %store/vec4 v0x5564203457e0_0, 0, 4;
    %pushi/vec4 1, 0, 4;
    %store/vec4 v0x5564203458c0_0, 0, 4;
    %pushi/vec4 1, 0, 1;
    %store/vec4 v0x556420345960_0, 0, 1;
    %delay 10000, 0;
    %pushi/vec4 10, 0, 4;
    %store/vec4 v0x5564203457e0_0, 0, 4;
    %pushi/vec4 5, 0, 4;
    %store/vec4 v0x5564203458c0_0, 0, 4;
    %pushi/vec4 0, 0, 1;
    %store/vec4 v0x556420345960_0, 0, 1;
    %delay 10000, 0;
    %pushi/vec4 15, 0, 4;
    %store/vec4 v0x5564203457e0_0, 0, 4;
    %pushi/vec4 15, 0, 4;
    %store/vec4 v0x5564203458c0_0, 0, 4;
    %pushi/vec4 1, 0, 1;
    %store/vec4 v0x556420345960_0, 0, 1;
    %delay 10000, 0;
    %vpi_call 2 31 "$finish" {0 0 0};
    %end;
    .thread T_0;
    .scope S_0x556420322300;
T_1 ;
    %vpi_call 2 36 "$monitor", "Time=%0t | a=%b b=%b cin=%b | sum=%b cout=%b", $time, v0x5564203457e0_0, v0x5564203458c0_0, v0x556420345960_0, v0x556420345b70_0, v0x556420345a80_0 {0 0 0};
    %end;
    .thread T_1;
# The file index is used to find the file name in the following table.
:file_names 5;
    "N/A";
    "<interactive>";
    "tb/four_bit_adder_tb.v";
    "rtl/four_bit_adder.v";
    "rtl/full_adder.v";
